# JRE version: Java(TM) SE Runtime Environment Oracle GraalVM 21.0.6+8.1 (21.0.6+8) (build 21.0.6+8-LTS-jvmci-23.1-b55)
# Java VM: Java HotSpot(TM) 64-Bit Server VM Oracle GraalVM 21.0.6+8.1 (21.0.6+8-LTS-jvmci-23.1-b55, mixed mode, sharing, tiered, jvmci, jvmci compiler, compressed oops, compressed class ptrs, g1 gc, linux-amd64)
GC Precious Log:
 CardTable entry size: 512
 Card Set container configuration: InlinePtr #cards 5 size 8 Array Of Cards #cards 12 size 40 Howl #buckets 4 coarsen threshold 1843 Howl Bitmap #cards 512 size 80 coarsen threshold 460 Card regions per heap region 1 cards per card region 2048
 CPUs: 4 total, 4 available
 Memory: 7823M
 Large Page Support: Disabled
 NUMA Support: Disabled
 Compressed Oops: Enabled (32-bit)
 Heap Region Size: 1M
 Heap Min Capacity: 8M
 Heap Initial Capacity: 124M
 Heap Max Capacity: 1956M
 Pre-touch: Disabled
 Parallel Workers: 4
 Concurrent Workers: 1
 Concurrent Refinement Workers: 4
 Periodic GC: Disabled
Heap:
 garbage-first heap   total 65536K, used 47901K [0x0000000085c00000, 0x0000000100000000)
  region size 1024K, 32 young (32768K), 3 survivors (3072K)
 Metaspace       used 32017K, committed 32512K, reserved 1114112K
  class space    used 3802K, committed 4032K, reserved 1048576K
GC Heap History (10 events):
Event: 0,409 GC heap before
{Heap before GC invocations=0 (full 0):
 garbage-first heap   total 128000K, used 16296K [0x0000000085c00000, 0x0000000100000000)
  region size 1024K, 13 young (13312K), 0 survivors (0K)
 Metaspace       used 2705K, committed 2880K, reserved 1114112K
  class space    used 223K, committed 320K, reserved 1048576K
}
Event: 0,414 GC heap after
{Heap after GC invocations=1 (full 0):
 garbage-first heap   total 128000K, used 9419K [0x0000000085c00000, 0x0000000100000000)
  region size 1024K, 2 young (2048K), 2 survivors (2048K)
 Metaspace       used 2705K, committed 2880K, reserved 1114112K
  class space    used 223K, committed 320K, reserved 1048576K
}
Event: 0,692 GC heap before
{Heap before GC invocations=1 (full 0):
 garbage-first heap   total 128000K, used 17611K [0x0000000085c00000, 0x0000000100000000)
  region size 1024K, 11 young (11264K), 2 survivors (2048K)
 Metaspace       used 4839K, committed 5056K, reserved 1114112K
  class space    used 486K, committed 576K, reserved 1048576K
}
Event: 0,695 GC heap after
{Heap after GC invocations=2 (full 0):
 garbage-first heap   total 128000K, used 10121K [0x0000000085c00000, 0x0000000100000000)
  region size 1024K, 1 young (1024K), 1 survivors (1024K)
 Metaspace       used 4839K, committed 5056K, reserved 1114112K
  class space    used 486K, committed 576K, reserved 1048576K
}
Event: 1,345 GC heap before
{Heap before GC invocations=2 (full 0):
 garbage-first heap   total 128000K, used 37769K [0x0000000085c00000, 0x0000000100000000)
  region size 1024K, 29 young (29696K), 1 survivors (1024K)
 Metaspace       used 13163K, committed 13440K, reserved 1114112K
  class space    used 1483K, committed 1600K, reserved 1048576K
}
Event: 1,350 GC heap after
{Heap after GC invocations=3 (full 0):
 garbage-first heap   total 128000K, used 12572K [0x0000000085c00000, 0x0000000100000000)
  region size 1024K, 3 young (3072K), 3 survivors (3072K)
 Metaspace       used 13163K, committed 13440K, reserved 1114112K
  class space    used 1483K, committed 1600K, reserved 1048576K
}
Event: 2,080 GC heap before
{Heap before GC invocations=3 (full 0):
 garbage-first heap   total 128000K, used 55580K [0x0000000085c00000, 0x0000000100000000)
  region size 1024K, 47 young (48128K), 3 survivors (3072K)
 Metaspace       used 21226K, committed 21504K, reserved 1114112K
  class space    used 2433K, committed 2560K, reserved 1048576K
}
Event: 2,087 GC heap after
{Heap after GC invocations=4 (full 0):
 garbage-first heap   total 128000K, used 17147K [0x0000000085c00000, 0x0000000100000000)
  region size 1024K, 8 young (8192K), 8 survivors (8192K)
 Metaspace       used 21226K, committed 21504K, reserved 1114112K
  class space    used 2433K, committed 2560K, reserved 1048576K
}
Event: 2,757 GC heap before
{Heap before GC invocations=5 (full 0):
 garbage-first heap   total 65536K, used 47867K [0x0000000085c00000, 0x0000000100000000)
  region size 1024K, 38 young (38912K), 8 survivors (8192K)
 Metaspace       used 25675K, committed 26048K, reserved 1114112K
  class space    used 3018K, committed 3200K, reserved 1048576K
}
Event: 2,767 GC heap after
{Heap after GC invocations=6 (full 0):
 garbage-first heap   total 65536K, used 19229K [0x0000000085c00000, 0x0000000100000000)
  region size 1024K, 3 young (3072K), 3 survivors (3072K)
 Metaspace       used 25675K, committed 26048K, reserved 1114112K
  class space    used 3018K, committed 3200K, reserved 1048576K
}

